[debug] [2025-04-30T05:42:08.320Z] ----------------------------------------------------------------------
[debug] [2025-04-30T05:42:08.322Z] Command:       C:\Program Files\nodejs\node.exe C:\Users\niras\AppData\Roaming\npm\node_modules\firebase-tools\lib\bin\firebase.js serve --only hosting
[debug] [2025-04-30T05:42:08.323Z] CLI Version:   14.2.1
[debug] [2025-04-30T05:42:08.323Z] Platform:      win32
[debug] [2025-04-30T05:42:08.323Z] Node Version:  v22.14.0
[debug] [2025-04-30T05:42:08.323Z] Time:          Wed Apr 30 2025 08:42:08 GMT+0300 (Москва, стандартное время)
[debug] [2025-04-30T05:42:08.323Z] ----------------------------------------------------------------------
[debug] 
[debug] [2025-04-30T05:42:08.500Z] > command requires scopes: ["email","openid","https://www.googleapis.com/auth/cloudplatformprojects.readonly","https://www.googleapis.com/auth/firebase","https://www.googleapis.com/auth/cloud-platform"]
[debug] [2025-04-30T05:42:08.501Z] > authorizing via signed-in user (nirasuyia@gmail.com)
[debug] [2025-04-30T05:42:08.501Z] [iam] checking project gradlebookdb for permissions ["firebase.projects.get"]
[debug] [2025-04-30T05:42:08.501Z] Checked if tokens are valid: false, expires at: 1745991371726
[debug] [2025-04-30T05:42:08.502Z] Checked if tokens are valid: false, expires at: 1745991371726
[debug] [2025-04-30T05:42:08.502Z] > refreshing access token with scopes: []
[debug] [2025-04-30T05:42:08.503Z] >>> [apiv2][query] POST https://www.googleapis.com/oauth2/v3/token [none]
[debug] [2025-04-30T05:42:08.503Z] >>> [apiv2][body] POST https://www.googleapis.com/oauth2/v3/token [omitted]
[debug] [2025-04-30T05:42:08.604Z] <<< [apiv2][status] POST https://www.googleapis.com/oauth2/v3/token 200
[debug] [2025-04-30T05:42:08.605Z] <<< [apiv2][body] POST https://www.googleapis.com/oauth2/v3/token [omitted]
[debug] [2025-04-30T05:42:08.612Z] >>> [apiv2][query] POST https://cloudresourcemanager.googleapis.com/v1/projects/gradlebookdb:testIamPermissions [none]
[debug] [2025-04-30T05:42:08.612Z] >>> [apiv2][(partial)header] POST https://cloudresourcemanager.googleapis.com/v1/projects/gradlebookdb:testIamPermissions x-goog-quota-user=projects/gradlebookdb
[debug] [2025-04-30T05:42:08.612Z] >>> [apiv2][body] POST https://cloudresourcemanager.googleapis.com/v1/projects/gradlebookdb:testIamPermissions {"permissions":["firebase.projects.get"]}
[debug] [2025-04-30T05:42:09.396Z] <<< [apiv2][status] POST https://cloudresourcemanager.googleapis.com/v1/projects/gradlebookdb:testIamPermissions 200
[debug] [2025-04-30T05:42:09.396Z] <<< [apiv2][body] POST https://cloudresourcemanager.googleapis.com/v1/projects/gradlebookdb:testIamPermissions {"permissions":["firebase.projects.get"]}
[debug] [2025-04-30T05:42:09.396Z] Checked if tokens are valid: true, expires at: 1745995327605
[debug] [2025-04-30T05:42:09.397Z] Checked if tokens are valid: true, expires at: 1745995327605
[debug] [2025-04-30T05:42:09.397Z] >>> [apiv2][query] GET https://cloudresourcemanager.googleapis.com/v1/projects/gradlebookdb [none]
[debug] [2025-04-30T05:42:09.604Z] <<< [apiv2][status] GET https://cloudresourcemanager.googleapis.com/v1/projects/gradlebookdb 200
[debug] [2025-04-30T05:42:09.604Z] <<< [apiv2][body] GET https://cloudresourcemanager.googleapis.com/v1/projects/gradlebookdb {"projectNumber":"1000800185484","projectId":"gradlebookdb","lifecycleState":"ACTIVE","name":"GradleBookDB","labels":{"firebase":"enabled","firebase-core":"disabled"},"createTime":"2025-04-14T15:52:13.440965Z"}
[debug] [2025-04-30T05:42:09.605Z] Checked if tokens are valid: true, expires at: 1745995327605
[debug] [2025-04-30T05:42:09.605Z] Checked if tokens are valid: true, expires at: 1745995327605
[debug] [2025-04-30T05:42:09.606Z] >>> [apiv2][query] GET https://firebasehosting.googleapis.com/v1beta1/projects/gradlebookdb/sites 
[debug] [2025-04-30T05:42:10.700Z] <<< [apiv2][status] GET https://firebasehosting.googleapis.com/v1beta1/projects/gradlebookdb/sites 200
[debug] [2025-04-30T05:42:10.701Z] <<< [apiv2][body] GET https://firebasehosting.googleapis.com/v1beta1/projects/gradlebookdb/sites {"sites":[{"name":"projects/gradlebookdb/sites/gradlebookdb","defaultUrl":"https://gradlebookdb.web.app","appId":"1:1000800185484:web:136b2efebffdfd9b6d9fa9","type":"DEFAULT_SITE"}]}
[debug] [2025-04-30T05:42:10.701Z] Checked if tokens are valid: true, expires at: 1745995327605
[debug] [2025-04-30T05:42:10.701Z] Checked if tokens are valid: true, expires at: 1745995327605
[debug] [2025-04-30T05:42:10.701Z] >>> [apiv2][query] GET https://firebase.googleapis.com/v1beta1/projects/gradlebookdb/webApps/1:1000800185484:web:136b2efebffdfd9b6d9fa9/config [none]
[debug] [2025-04-30T05:42:11.344Z] <<< [apiv2][status] GET https://firebase.googleapis.com/v1beta1/projects/gradlebookdb/webApps/1:1000800185484:web:136b2efebffdfd9b6d9fa9/config 200
[debug] [2025-04-30T05:42:11.344Z] <<< [apiv2][body] GET https://firebase.googleapis.com/v1beta1/projects/gradlebookdb/webApps/1:1000800185484:web:136b2efebffdfd9b6d9fa9/config {"projectId":"gradlebookdb","appId":"1:1000800185484:web:136b2efebffdfd9b6d9fa9","storageBucket":"gradlebookdb.firebasestorage.app","apiKey":"AIzaSyBjM5koYX_8tZfZI70NlaSWY0naeVk4nEY","authDomain":"gradlebookdb.firebaseapp.com","messagingSenderId":"1000800185484","measurementId":"G-XYE1HR7YBP"}
[debug] [2025-04-30T05:42:11.348Z] Checked if tokens are valid: true, expires at: 1745995327605
[debug] [2025-04-30T05:42:11.348Z] Checked if tokens are valid: true, expires at: 1745995327605
[debug] [2025-04-30T05:42:11.348Z] >>> [apiv2][query] GET https://firebase.googleapis.com/v1beta1/projects/gradlebookdb [none]
[debug] [2025-04-30T05:42:11.559Z] <<< [apiv2][status] GET https://firebase.googleapis.com/v1beta1/projects/gradlebookdb 200
[debug] [2025-04-30T05:42:11.559Z] <<< [apiv2][body] GET https://firebase.googleapis.com/v1beta1/projects/gradlebookdb {"projectId":"gradlebookdb","projectNumber":"1000800185484","displayName":"GradleBookDB","name":"projects/gradlebookdb","resources":{"hostingSite":"gradlebookdb"},"state":"ACTIVE","etag":"1_50c54793-a7ed-4f66-8d59-6c050c28c532"}
[info] i  hosting[gradlebookdb]: Serving hosting files from: public {"metadata":{"emulator":{"name":"hosting"},"message":"Serving hosting files from: \u001b[1mpublic\u001b[22m"}}
[info] +  hosting[gradlebookdb]: Local server: http://localhost:5000 {"metadata":{"emulator":{"name":"hosting"},"message":"Local server: \u001b[4m\u001b[1mhttp://localhost:5000\u001b[22m\u001b[24m"}}
[info] i  hosting: ::1 - - [30/Apr/2025:05:42:34 +0000] "GET / HTTP/1.1" 200 - "-" "Mozilla/5.0 (Windows NT 10.0; Win64; x64; rv:137.0) Gecko/20100101 Firefox/137.0" {"metadata":{"emulator":{"name":"hosting"},"message":"::1 - - [30/Apr/2025:05:42:34 +0000] \"GET / HTTP/1.1\" 200 - \"-\" \"Mozilla/5.0 (Windows NT 10.0; Win64; x64; rv:137.0) Gecko/20100101 Firefox/137.0\""}}
[info] i  hosting: ::1 - - [30/Apr/2025:05:42:34 +0000] "GET /css/style.css HTTP/1.1" 200 - "http://localhost:5000/" "Mozilla/5.0 (Windows NT 10.0; Win64; x64; rv:137.0) Gecko/20100101 Firefox/137.0" {"metadata":{"emulator":{"name":"hosting"},"message":"::1 - - [30/Apr/2025:05:42:34 +0000] \"GET /css/style.css HTTP/1.1\" 200 - \"http://localhost:5000/\" \"Mozilla/5.0 (Windows NT 10.0; Win64; x64; rv:137.0) Gecko/20100101 Firefox/137.0\""}}
[info] i  hosting: ::1 - - [30/Apr/2025:05:42:34 +0000] "GET /js/forms.js HTTP/1.1" 200 - "http://localhost:5000/" "Mozilla/5.0 (Windows NT 10.0; Win64; x64; rv:137.0) Gecko/20100101 Firefox/137.0" {"metadata":{"emulator":{"name":"hosting"},"message":"::1 - - [30/Apr/2025:05:42:34 +0000] \"GET /js/forms.js HTTP/1.1\" 200 - \"http://localhost:5000/\" \"Mozilla/5.0 (Windows NT 10.0; Win64; x64; rv:137.0) Gecko/20100101 Firefox/137.0\""}}
[info] i  hosting: ::1 - - [30/Apr/2025:05:42:34 +0000] "GET /js/config.js HTTP/1.1" 200 710 "http://localhost:5000/" "Mozilla/5.0 (Windows NT 10.0; Win64; x64; rv:137.0) Gecko/20100101 Firefox/137.0" {"metadata":{"emulator":{"name":"hosting"},"message":"::1 - - [30/Apr/2025:05:42:34 +0000] \"GET /js/config.js HTTP/1.1\" 200 710 \"http://localhost:5000/\" \"Mozilla/5.0 (Windows NT 10.0; Win64; x64; rv:137.0) Gecko/20100101 Firefox/137.0\""}}
[info] i  hosting: ::1 - - [30/Apr/2025:05:42:34 +0000] "GET /favicon.ico HTTP/1.1" 200 - "http://localhost:5000/" "Mozilla/5.0 (Windows NT 10.0; Win64; x64; rv:137.0) Gecko/20100101 Firefox/137.0" {"metadata":{"emulator":{"name":"hosting"},"message":"::1 - - [30/Apr/2025:05:42:34 +0000] \"GET /favicon.ico HTTP/1.1\" 200 - \"http://localhost:5000/\" \"Mozilla/5.0 (Windows NT 10.0; Win64; x64; rv:137.0) Gecko/20100101 Firefox/137.0\""}}
[info] i  hosting: ::1 - - [30/Apr/2025:05:59:30 +0000] "GET / HTTP/1.1" 200 - "-" "Mozilla/5.0 (Windows NT 10.0; Win64; x64; rv:137.0) Gecko/20100101 Firefox/137.0" {"metadata":{"emulator":{"name":"hosting"},"message":"::1 - - [30/Apr/2025:05:59:30 +0000] \"GET / HTTP/1.1\" 200 - \"-\" \"Mozilla/5.0 (Windows NT 10.0; Win64; x64; rv:137.0) Gecko/20100101 Firefox/137.0\""}}
[info] i  hosting: ::1 - - [30/Apr/2025:05:59:30 +0000] "GET /css/style.css HTTP/1.1" 200 - "http://localhost:5000/" "Mozilla/5.0 (Windows NT 10.0; Win64; x64; rv:137.0) Gecko/20100101 Firefox/137.0" {"metadata":{"emulator":{"name":"hosting"},"message":"::1 - - [30/Apr/2025:05:59:30 +0000] \"GET /css/style.css HTTP/1.1\" 200 - \"http://localhost:5000/\" \"Mozilla/5.0 (Windows NT 10.0; Win64; x64; rv:137.0) Gecko/20100101 Firefox/137.0\""}}
[info] i  hosting: ::1 - - [30/Apr/2025:05:59:30 +0000] "GET /js/forms.js HTTP/1.1" 200 - "http://localhost:5000/" "Mozilla/5.0 (Windows NT 10.0; Win64; x64; rv:137.0) Gecko/20100101 Firefox/137.0" {"metadata":{"emulator":{"name":"hosting"},"message":"::1 - - [30/Apr/2025:05:59:30 +0000] \"GET /js/forms.js HTTP/1.1\" 200 - \"http://localhost:5000/\" \"Mozilla/5.0 (Windows NT 10.0; Win64; x64; rv:137.0) Gecko/20100101 Firefox/137.0\""}}
[info] i  hosting: ::1 - - [30/Apr/2025:05:59:30 +0000] "GET /js/config.js HTTP/1.1" 200 710 "http://localhost:5000/" "Mozilla/5.0 (Windows NT 10.0; Win64; x64; rv:137.0) Gecko/20100101 Firefox/137.0" {"metadata":{"emulator":{"name":"hosting"},"message":"::1 - - [30/Apr/2025:05:59:30 +0000] \"GET /js/config.js HTTP/1.1\" 200 710 \"http://localhost:5000/\" \"Mozilla/5.0 (Windows NT 10.0; Win64; x64; rv:137.0) Gecko/20100101 Firefox/137.0\""}}
[info] i  hosting: ::1 - - [30/Apr/2025:05:59:31 +0000] "GET /favicon.ico HTTP/1.1" 200 - "http://localhost:5000/" "Mozilla/5.0 (Windows NT 10.0; Win64; x64; rv:137.0) Gecko/20100101 Firefox/137.0" {"metadata":{"emulator":{"name":"hosting"},"message":"::1 - - [30/Apr/2025:05:59:31 +0000] \"GET /favicon.ico HTTP/1.1\" 200 - \"http://localhost:5000/\" \"Mozilla/5.0 (Windows NT 10.0; Win64; x64; rv:137.0) Gecko/20100101 Firefox/137.0\""}}
[info] i  hosting: ::1 - - [30/Apr/2025:06:00:01 +0000] "GET /admin/index.html HTTP/1.1" 200 - "http://localhost:5000/" "Mozilla/5.0 (Windows NT 10.0; Win64; x64; rv:137.0) Gecko/20100101 Firefox/137.0" {"metadata":{"emulator":{"name":"hosting"},"message":"::1 - - [30/Apr/2025:06:00:01 +0000] \"GET /admin/index.html HTTP/1.1\" 200 - \"http://localhost:5000/\" \"Mozilla/5.0 (Windows NT 10.0; Win64; x64; rv:137.0) Gecko/20100101 Firefox/137.0\""}}
[info] i  hosting: ::1 - - [30/Apr/2025:06:00:01 +0000] "GET /admin/css/style.css HTTP/1.1" 200 - "http://localhost:5000/admin/index.html" "Mozilla/5.0 (Windows NT 10.0; Win64; x64; rv:137.0) Gecko/20100101 Firefox/137.0" {"metadata":{"emulator":{"name":"hosting"},"message":"::1 - - [30/Apr/2025:06:00:01 +0000] \"GET /admin/css/style.css HTTP/1.1\" 200 - \"http://localhost:5000/admin/index.html\" \"Mozilla/5.0 (Windows NT 10.0; Win64; x64; rv:137.0) Gecko/20100101 Firefox/137.0\""}}
[info] i  hosting: ::1 - - [30/Apr/2025:06:00:01 +0000] "GET /admin/index.js HTTP/1.1" 200 - "http://localhost:5000/admin/index.html" "Mozilla/5.0 (Windows NT 10.0; Win64; x64; rv:137.0) Gecko/20100101 Firefox/137.0" {"metadata":{"emulator":{"name":"hosting"},"message":"::1 - - [30/Apr/2025:06:00:01 +0000] \"GET /admin/index.js HTTP/1.1\" 200 - \"http://localhost:5000/admin/index.html\" \"Mozilla/5.0 (Windows NT 10.0; Win64; x64; rv:137.0) Gecko/20100101 Firefox/137.0\""}}
[info] i  hosting: ::1 - - [30/Apr/2025:06:01:34 +0000] "GET /teacher-dashboard.html HTTP/1.1" 200 - "http://localhost:5000/" "Mozilla/5.0 (Windows NT 10.0; Win64; x64; rv:137.0) Gecko/20100101 Firefox/137.0" {"metadata":{"emulator":{"name":"hosting"},"message":"::1 - - [30/Apr/2025:06:01:34 +0000] \"GET /teacher-dashboard.html HTTP/1.1\" 200 - \"http://localhost:5000/\" \"Mozilla/5.0 (Windows NT 10.0; Win64; x64; rv:137.0) Gecko/20100101 Firefox/137.0\""}}
[info] i  hosting: ::1 - - [30/Apr/2025:06:01:34 +0000] "GET /js/teacher-dashboard.js HTTP/1.1" 200 - "http://localhost:5000/teacher-dashboard.html" "Mozilla/5.0 (Windows NT 10.0; Win64; x64; rv:137.0) Gecko/20100101 Firefox/137.0" {"metadata":{"emulator":{"name":"hosting"},"message":"::1 - - [30/Apr/2025:06:01:34 +0000] \"GET /js/teacher-dashboard.js HTTP/1.1\" 200 - \"http://localhost:5000/teacher-dashboard.html\" \"Mozilla/5.0 (Windows NT 10.0; Win64; x64; rv:137.0) Gecko/20100101 Firefox/137.0\""}}
[info] i  hosting: ::1 - - [30/Apr/2025:06:02:43 +0000] "GET /teacher-dashboard.html HTTP/1.1" 200 - "http://localhost:5000/" "Mozilla/5.0 (Windows NT 10.0; Win64; x64; rv:137.0) Gecko/20100101 Firefox/137.0" {"metadata":{"emulator":{"name":"hosting"},"message":"::1 - - [30/Apr/2025:06:02:43 +0000] \"GET /teacher-dashboard.html HTTP/1.1\" 200 - \"http://localhost:5000/\" \"Mozilla/5.0 (Windows NT 10.0; Win64; x64; rv:137.0) Gecko/20100101 Firefox/137.0\""}}
[info] i  hosting: ::1 - - [30/Apr/2025:06:03:28 +0000] "GET / HTTP/1.1" 200 - "-" "Mozilla/5.0 (Windows NT 10.0; Win64; x64; rv:137.0) Gecko/20100101 Firefox/137.0" {"metadata":{"emulator":{"name":"hosting"},"message":"::1 - - [30/Apr/2025:06:03:28 +0000] \"GET / HTTP/1.1\" 200 - \"-\" \"Mozilla/5.0 (Windows NT 10.0; Win64; x64; rv:137.0) Gecko/20100101 Firefox/137.0\""}}
[info] i  hosting: ::1 - - [30/Apr/2025:06:03:28 +0000] "GET /js/config.js HTTP/1.1" 200 710 "http://localhost:5000/" "Mozilla/5.0 (Windows NT 10.0; Win64; x64; rv:137.0) Gecko/20100101 Firefox/137.0" {"metadata":{"emulator":{"name":"hosting"},"message":"::1 - - [30/Apr/2025:06:03:28 +0000] \"GET /js/config.js HTTP/1.1\" 200 710 \"http://localhost:5000/\" \"Mozilla/5.0 (Windows NT 10.0; Win64; x64; rv:137.0) Gecko/20100101 Firefox/137.0\""}}
[info] i  hosting: ::1 - - [30/Apr/2025:06:03:28 +0000] "GET /css/style.css HTTP/1.1" 200 - "http://localhost:5000/" "Mozilla/5.0 (Windows NT 10.0; Win64; x64; rv:137.0) Gecko/20100101 Firefox/137.0" {"metadata":{"emulator":{"name":"hosting"},"message":"::1 - - [30/Apr/2025:06:03:28 +0000] \"GET /css/style.css HTTP/1.1\" 200 - \"http://localhost:5000/\" \"Mozilla/5.0 (Windows NT 10.0; Win64; x64; rv:137.0) Gecko/20100101 Firefox/137.0\""}}
[info] i  hosting: ::1 - - [30/Apr/2025:06:03:28 +0000] "GET /js/forms.js HTTP/1.1" 200 - "http://localhost:5000/" "Mozilla/5.0 (Windows NT 10.0; Win64; x64; rv:137.0) Gecko/20100101 Firefox/137.0" {"metadata":{"emulator":{"name":"hosting"},"message":"::1 - - [30/Apr/2025:06:03:28 +0000] \"GET /js/forms.js HTTP/1.1\" 200 - \"http://localhost:5000/\" \"Mozilla/5.0 (Windows NT 10.0; Win64; x64; rv:137.0) Gecko/20100101 Firefox/137.0\""}}
[info] i  hosting: ::1 - - [30/Apr/2025:06:03:28 +0000] "GET /favicon.ico HTTP/1.1" 200 - "http://localhost:5000/" "Mozilla/5.0 (Windows NT 10.0; Win64; x64; rv:137.0) Gecko/20100101 Firefox/137.0" {"metadata":{"emulator":{"name":"hosting"},"message":"::1 - - [30/Apr/2025:06:03:28 +0000] \"GET /favicon.ico HTTP/1.1\" 200 - \"http://localhost:5000/\" \"Mozilla/5.0 (Windows NT 10.0; Win64; x64; rv:137.0) Gecko/20100101 Firefox/137.0\""}}
[info] i  hosting: ::1 - - [30/Apr/2025:06:03:42 +0000] "GET /teacher-dashboard.html HTTP/1.1" 200 - "http://localhost:5000/" "Mozilla/5.0 (Windows NT 10.0; Win64; x64; rv:137.0) Gecko/20100101 Firefox/137.0" {"metadata":{"emulator":{"name":"hosting"},"message":"::1 - - [30/Apr/2025:06:03:42 +0000] \"GET /teacher-dashboard.html HTTP/1.1\" 200 - \"http://localhost:5000/\" \"Mozilla/5.0 (Windows NT 10.0; Win64; x64; rv:137.0) Gecko/20100101 Firefox/137.0\""}}
[info] i  hosting: ::1 - - [30/Apr/2025:06:03:42 +0000] "GET /js/teacher-dashboard.js HTTP/1.1" 200 - "http://localhost:5000/teacher-dashboard.html" "Mozilla/5.0 (Windows NT 10.0; Win64; x64; rv:137.0) Gecko/20100101 Firefox/137.0" {"metadata":{"emulator":{"name":"hosting"},"message":"::1 - - [30/Apr/2025:06:03:42 +0000] \"GET /js/teacher-dashboard.js HTTP/1.1\" 200 - \"http://localhost:5000/teacher-dashboard.html\" \"Mozilla/5.0 (Windows NT 10.0; Win64; x64; rv:137.0) Gecko/20100101 Firefox/137.0\""}}
[debug] [2025-04-30T08:49:14.330Z] ----------------------------------------------------------------------
[debug] [2025-04-30T08:49:14.333Z] Command:       C:\Program Files\nodejs\node.exe C:\Users\niras\AppData\Roaming\npm\node_modules\firebase-tools\lib\bin\firebase.js serve --only hosting
[debug] [2025-04-30T08:49:14.333Z] CLI Version:   14.2.1
[debug] [2025-04-30T08:49:14.333Z] Platform:      win32
[debug] [2025-04-30T08:49:14.333Z] Node Version:  v22.14.0
[debug] [2025-04-30T08:49:14.333Z] Time:          Wed Apr 30 2025 11:49:14 GMT+0300 (Москва, стандартное время)
[debug] [2025-04-30T08:49:14.334Z] ----------------------------------------------------------------------
[debug] 
[debug] [2025-04-30T08:49:14.515Z] > command requires scopes: ["email","openid","https://www.googleapis.com/auth/cloudplatformprojects.readonly","https://www.googleapis.com/auth/firebase","https://www.googleapis.com/auth/cloud-platform"]
[debug] [2025-04-30T08:49:14.516Z] > authorizing via signed-in user (nirasuyia@gmail.com)
[debug] [2025-04-30T08:49:14.516Z] [iam] checking project gradlebookdb for permissions ["firebase.projects.get"]
[debug] [2025-04-30T08:49:14.516Z] Checked if tokens are valid: false, expires at: 1745995327605
[debug] [2025-04-30T08:49:14.516Z] Checked if tokens are valid: false, expires at: 1745995327605
[debug] [2025-04-30T08:49:14.517Z] > refreshing access token with scopes: []
[debug] [2025-04-30T08:49:14.518Z] >>> [apiv2][query] POST https://www.googleapis.com/oauth2/v3/token [none]
[debug] [2025-04-30T08:49:14.518Z] >>> [apiv2][body] POST https://www.googleapis.com/oauth2/v3/token [omitted]
[debug] [2025-04-30T08:49:14.674Z] <<< [apiv2][status] POST https://www.googleapis.com/oauth2/v3/token 200
[debug] [2025-04-30T08:49:14.674Z] <<< [apiv2][body] POST https://www.googleapis.com/oauth2/v3/token [omitted]
[debug] [2025-04-30T08:49:14.684Z] >>> [apiv2][query] POST https://cloudresourcemanager.googleapis.com/v1/projects/gradlebookdb:testIamPermissions [none]
[debug] [2025-04-30T08:49:14.684Z] >>> [apiv2][(partial)header] POST https://cloudresourcemanager.googleapis.com/v1/projects/gradlebookdb:testIamPermissions x-goog-quota-user=projects/gradlebookdb
[debug] [2025-04-30T08:49:14.684Z] >>> [apiv2][body] POST https://cloudresourcemanager.googleapis.com/v1/projects/gradlebookdb:testIamPermissions {"permissions":["firebase.projects.get"]}
[debug] [2025-04-30T08:49:15.628Z] <<< [apiv2][status] POST https://cloudresourcemanager.googleapis.com/v1/projects/gradlebookdb:testIamPermissions 200
[debug] [2025-04-30T08:49:15.628Z] <<< [apiv2][body] POST https://cloudresourcemanager.googleapis.com/v1/projects/gradlebookdb:testIamPermissions {"permissions":["firebase.projects.get"]}
[debug] [2025-04-30T08:49:15.629Z] Checked if tokens are valid: true, expires at: 1746006553674
[debug] [2025-04-30T08:49:15.629Z] Checked if tokens are valid: true, expires at: 1746006553674
[debug] [2025-04-30T08:49:15.629Z] >>> [apiv2][query] GET https://cloudresourcemanager.googleapis.com/v1/projects/gradlebookdb [none]
[debug] [2025-04-30T08:49:15.839Z] <<< [apiv2][status] GET https://cloudresourcemanager.googleapis.com/v1/projects/gradlebookdb 200
[debug] [2025-04-30T08:49:15.839Z] <<< [apiv2][body] GET https://cloudresourcemanager.googleapis.com/v1/projects/gradlebookdb {"projectNumber":"1000800185484","projectId":"gradlebookdb","lifecycleState":"ACTIVE","name":"GradleBookDB","labels":{"firebase":"enabled","firebase-core":"disabled"},"createTime":"2025-04-14T15:52:13.440965Z"}
[debug] [2025-04-30T08:49:15.840Z] Checked if tokens are valid: true, expires at: 1746006553674
[debug] [2025-04-30T08:49:15.840Z] Checked if tokens are valid: true, expires at: 1746006553674
[debug] [2025-04-30T08:49:15.840Z] >>> [apiv2][query] GET https://firebasehosting.googleapis.com/v1beta1/projects/gradlebookdb/sites 
[debug] [2025-04-30T08:49:16.824Z] <<< [apiv2][status] GET https://firebasehosting.googleapis.com/v1beta1/projects/gradlebookdb/sites 200
[debug] [2025-04-30T08:49:16.824Z] <<< [apiv2][body] GET https://firebasehosting.googleapis.com/v1beta1/projects/gradlebookdb/sites {"sites":[{"name":"projects/gradlebookdb/sites/gradlebookdb","defaultUrl":"https://gradlebookdb.web.app","appId":"1:1000800185484:web:136b2efebffdfd9b6d9fa9","type":"DEFAULT_SITE"}]}
[debug] [2025-04-30T08:49:16.824Z] Checked if tokens are valid: true, expires at: 1746006553674
[debug] [2025-04-30T08:49:16.824Z] Checked if tokens are valid: true, expires at: 1746006553674
[debug] [2025-04-30T08:49:16.824Z] >>> [apiv2][query] GET https://firebase.googleapis.com/v1beta1/projects/gradlebookdb/webApps/1:1000800185484:web:136b2efebffdfd9b6d9fa9/config [none]
[debug] [2025-04-30T08:49:17.687Z] <<< [apiv2][status] GET https://firebase.googleapis.com/v1beta1/projects/gradlebookdb/webApps/1:1000800185484:web:136b2efebffdfd9b6d9fa9/config 200
[debug] [2025-04-30T08:49:17.687Z] <<< [apiv2][body] GET https://firebase.googleapis.com/v1beta1/projects/gradlebookdb/webApps/1:1000800185484:web:136b2efebffdfd9b6d9fa9/config {"projectId":"gradlebookdb","appId":"1:1000800185484:web:136b2efebffdfd9b6d9fa9","storageBucket":"gradlebookdb.firebasestorage.app","apiKey":"AIzaSyBjM5koYX_8tZfZI70NlaSWY0naeVk4nEY","authDomain":"gradlebookdb.firebaseapp.com","messagingSenderId":"1000800185484","measurementId":"G-XYE1HR7YBP"}
[debug] [2025-04-30T08:49:17.692Z] Checked if tokens are valid: true, expires at: 1746006553674
[debug] [2025-04-30T08:49:17.692Z] Checked if tokens are valid: true, expires at: 1746006553674
[debug] [2025-04-30T08:49:17.692Z] >>> [apiv2][query] GET https://firebase.googleapis.com/v1beta1/projects/gradlebookdb [none]
[debug] [2025-04-30T08:49:17.970Z] <<< [apiv2][status] GET https://firebase.googleapis.com/v1beta1/projects/gradlebookdb 200
[debug] [2025-04-30T08:49:17.970Z] <<< [apiv2][body] GET https://firebase.googleapis.com/v1beta1/projects/gradlebookdb {"projectId":"gradlebookdb","projectNumber":"1000800185484","displayName":"GradleBookDB","name":"projects/gradlebookdb","resources":{"hostingSite":"gradlebookdb"},"state":"ACTIVE","etag":"1_50c54793-a7ed-4f66-8d59-6c050c28c532"}
[info] i  hosting[gradlebookdb]: Serving hosting files from: public {"metadata":{"emulator":{"name":"hosting"},"message":"Serving hosting files from: \u001b[1mpublic\u001b[22m"}}
[info] +  hosting[gradlebookdb]: Local server: http://localhost:5000 {"metadata":{"emulator":{"name":"hosting"},"message":"Local server: \u001b[4m\u001b[1mhttp://localhost:5000\u001b[22m\u001b[24m"}}
[info] i  hosting: ::1 - - [30/Apr/2025:08:49:29 +0000] "GET / HTTP/1.1" 200 - "-" "Mozilla/5.0 (Windows NT 10.0; Win64; x64; rv:137.0) Gecko/20100101 Firefox/137.0" {"metadata":{"emulator":{"name":"hosting"},"message":"::1 - - [30/Apr/2025:08:49:29 +0000] \"GET / HTTP/1.1\" 200 - \"-\" \"Mozilla/5.0 (Windows NT 10.0; Win64; x64; rv:137.0) Gecko/20100101 Firefox/137.0\""}}
[info] i  hosting: ::1 - - [30/Apr/2025:08:49:29 +0000] "GET /js/config.js HTTP/1.1" 200 710 "http://localhost:5000/" "Mozilla/5.0 (Windows NT 10.0; Win64; x64; rv:137.0) Gecko/20100101 Firefox/137.0" {"metadata":{"emulator":{"name":"hosting"},"message":"::1 - - [30/Apr/2025:08:49:29 +0000] \"GET /js/config.js HTTP/1.1\" 200 710 \"http://localhost:5000/\" \"Mozilla/5.0 (Windows NT 10.0; Win64; x64; rv:137.0) Gecko/20100101 Firefox/137.0\""}}
[info] i  hosting: ::1 - - [30/Apr/2025:08:49:29 +0000] "GET /css/style.css HTTP/1.1" 200 - "http://localhost:5000/" "Mozilla/5.0 (Windows NT 10.0; Win64; x64; rv:137.0) Gecko/20100101 Firefox/137.0" {"metadata":{"emulator":{"name":"hosting"},"message":"::1 - - [30/Apr/2025:08:49:29 +0000] \"GET /css/style.css HTTP/1.1\" 200 - \"http://localhost:5000/\" \"Mozilla/5.0 (Windows NT 10.0; Win64; x64; rv:137.0) Gecko/20100101 Firefox/137.0\""}}
[info] i  hosting: ::1 - - [30/Apr/2025:08:49:29 +0000] "GET /js/forms.js HTTP/1.1" 200 - "http://localhost:5000/" "Mozilla/5.0 (Windows NT 10.0; Win64; x64; rv:137.0) Gecko/20100101 Firefox/137.0" {"metadata":{"emulator":{"name":"hosting"},"message":"::1 - - [30/Apr/2025:08:49:29 +0000] \"GET /js/forms.js HTTP/1.1\" 200 - \"http://localhost:5000/\" \"Mozilla/5.0 (Windows NT 10.0; Win64; x64; rv:137.0) Gecko/20100101 Firefox/137.0\""}}
[info] i  hosting: ::1 - - [30/Apr/2025:08:49:29 +0000] "GET /favicon.ico HTTP/1.1" 200 - "http://localhost:5000/" "Mozilla/5.0 (Windows NT 10.0; Win64; x64; rv:137.0) Gecko/20100101 Firefox/137.0" {"metadata":{"emulator":{"name":"hosting"},"message":"::1 - - [30/Apr/2025:08:49:29 +0000] \"GET /favicon.ico HTTP/1.1\" 200 - \"http://localhost:5000/\" \"Mozilla/5.0 (Windows NT 10.0; Win64; x64; rv:137.0) Gecko/20100101 Firefox/137.0\""}}
[info] i  hosting: ::1 - - [30/Apr/2025:08:50:21 +0000] "GET /admin/index.html HTTP/1.1" 200 - "http://localhost:5000/" "Mozilla/5.0 (Windows NT 10.0; Win64; x64; rv:137.0) Gecko/20100101 Firefox/137.0" {"metadata":{"emulator":{"name":"hosting"},"message":"::1 - - [30/Apr/2025:08:50:21 +0000] \"GET /admin/index.html HTTP/1.1\" 200 - \"http://localhost:5000/\" \"Mozilla/5.0 (Windows NT 10.0; Win64; x64; rv:137.0) Gecko/20100101 Firefox/137.0\""}}
[info] i  hosting: ::1 - - [30/Apr/2025:08:50:21 +0000] "GET /admin/css/style.css HTTP/1.1" 200 - "http://localhost:5000/admin/index.html" "Mozilla/5.0 (Windows NT 10.0; Win64; x64; rv:137.0) Gecko/20100101 Firefox/137.0" {"metadata":{"emulator":{"name":"hosting"},"message":"::1 - - [30/Apr/2025:08:50:21 +0000] \"GET /admin/css/style.css HTTP/1.1\" 200 - \"http://localhost:5000/admin/index.html\" \"Mozilla/5.0 (Windows NT 10.0; Win64; x64; rv:137.0) Gecko/20100101 Firefox/137.0\""}}
[info] i  hosting: ::1 - - [30/Apr/2025:08:50:21 +0000] "GET /admin/index.js HTTP/1.1" 200 - "http://localhost:5000/admin/index.html" "Mozilla/5.0 (Windows NT 10.0; Win64; x64; rv:137.0) Gecko/20100101 Firefox/137.0" {"metadata":{"emulator":{"name":"hosting"},"message":"::1 - - [30/Apr/2025:08:50:21 +0000] \"GET /admin/index.js HTTP/1.1\" 200 - \"http://localhost:5000/admin/index.html\" \"Mozilla/5.0 (Windows NT 10.0; Win64; x64; rv:137.0) Gecko/20100101 Firefox/137.0\""}}
[info] i  hosting: ::1 - - [30/Apr/2025:08:50:32 +0000] "GET / HTTP/1.1" 200 - "-" "Mozilla/5.0 (Windows NT 10.0; Win64; x64; rv:137.0) Gecko/20100101 Firefox/137.0" {"metadata":{"emulator":{"name":"hosting"},"message":"::1 - - [30/Apr/2025:08:50:32 +0000] \"GET / HTTP/1.1\" 200 - \"-\" \"Mozilla/5.0 (Windows NT 10.0; Win64; x64; rv:137.0) Gecko/20100101 Firefox/137.0\""}}
[info] i  hosting: ::1 - - [30/Apr/2025:08:50:44 +0000] "GET /student-dashboard.html HTTP/1.1" 200 - "http://localhost:5000/" "Mozilla/5.0 (Windows NT 10.0; Win64; x64; rv:137.0) Gecko/20100101 Firefox/137.0" {"metadata":{"emulator":{"name":"hosting"},"message":"::1 - - [30/Apr/2025:08:50:44 +0000] \"GET /student-dashboard.html HTTP/1.1\" 200 - \"http://localhost:5000/\" \"Mozilla/5.0 (Windows NT 10.0; Win64; x64; rv:137.0) Gecko/20100101 Firefox/137.0\""}}
[info] i  hosting: ::1 - - [30/Apr/2025:08:50:44 +0000] "GET /js/student-dashboard.js HTTP/1.1" 200 - "http://localhost:5000/student-dashboard.html" "Mozilla/5.0 (Windows NT 10.0; Win64; x64; rv:137.0) Gecko/20100101 Firefox/137.0" {"metadata":{"emulator":{"name":"hosting"},"message":"::1 - - [30/Apr/2025:08:50:44 +0000] \"GET /js/student-dashboard.js HTTP/1.1\" 200 - \"http://localhost:5000/student-dashboard.html\" \"Mozilla/5.0 (Windows NT 10.0; Win64; x64; rv:137.0) Gecko/20100101 Firefox/137.0\""}}
[info] i  hosting: ::1 - - [30/Apr/2025:08:50:47 +0000] "GET /index.html HTTP/1.1" 200 - "http://localhost:5000/student-dashboard.html" "Mozilla/5.0 (Windows NT 10.0; Win64; x64; rv:137.0) Gecko/20100101 Firefox/137.0" {"metadata":{"emulator":{"name":"hosting"},"message":"::1 - - [30/Apr/2025:08:50:47 +0000] \"GET /index.html HTTP/1.1\" 200 - \"http://localhost:5000/student-dashboard.html\" \"Mozilla/5.0 (Windows NT 10.0; Win64; x64; rv:137.0) Gecko/20100101 Firefox/137.0\""}}
[info] i  hosting: ::1 - - [30/Apr/2025:08:50:55 +0000] "GET /teacher-dashboard.html HTTP/1.1" 200 - "http://localhost:5000/index.html" "Mozilla/5.0 (Windows NT 10.0; Win64; x64; rv:137.0) Gecko/20100101 Firefox/137.0" {"metadata":{"emulator":{"name":"hosting"},"message":"::1 - - [30/Apr/2025:08:50:55 +0000] \"GET /teacher-dashboard.html HTTP/1.1\" 200 - \"http://localhost:5000/index.html\" \"Mozilla/5.0 (Windows NT 10.0; Win64; x64; rv:137.0) Gecko/20100101 Firefox/137.0\""}}
[info] i  hosting: ::1 - - [30/Apr/2025:08:50:55 +0000] "GET /js/teacher-dashboard.js HTTP/1.1" 200 - "http://localhost:5000/teacher-dashboard.html" "Mozilla/5.0 (Windows NT 10.0; Win64; x64; rv:137.0) Gecko/20100101 Firefox/137.0" {"metadata":{"emulator":{"name":"hosting"},"message":"::1 - - [30/Apr/2025:08:50:55 +0000] \"GET /js/teacher-dashboard.js HTTP/1.1\" 200 - \"http://localhost:5000/teacher-dashboard.html\" \"Mozilla/5.0 (Windows NT 10.0; Win64; x64; rv:137.0) Gecko/20100101 Firefox/137.0\""}}
[debug] [2025-05-05T08:39:35.789Z] ----------------------------------------------------------------------
[debug] [2025-05-05T08:39:35.792Z] Command:       C:\Program Files\nodejs\node.exe C:\Users\niras\AppData\Roaming\npm\node_modules\firebase-tools\lib\bin\firebase.js serve --only hosting
[debug] [2025-05-05T08:39:35.792Z] CLI Version:   14.2.1
[debug] [2025-05-05T08:39:35.792Z] Platform:      win32
[debug] [2025-05-05T08:39:35.792Z] Node Version:  v22.14.0
[debug] [2025-05-05T08:39:35.792Z] Time:          Mon May 05 2025 11:39:35 GMT+0300 (Москва, стандартное время)
[debug] [2025-05-05T08:39:35.793Z] ----------------------------------------------------------------------
[debug] 
[debug] [2025-05-05T08:39:35.795Z] >>> [apiv2][query] GET https://firebase-public.firebaseio.com/cli.json [none]
[debug] [2025-05-05T08:39:35.970Z] > command requires scopes: ["email","openid","https://www.googleapis.com/auth/cloudplatformprojects.readonly","https://www.googleapis.com/auth/firebase","https://www.googleapis.com/auth/cloud-platform"]
[debug] [2025-05-05T08:39:35.971Z] > authorizing via signed-in user (nirasuyia@gmail.com)
[debug] [2025-05-05T08:39:35.971Z] [iam] checking project gradlebookdb for permissions ["firebase.projects.get"]
[debug] [2025-05-05T08:39:35.971Z] Checked if tokens are valid: false, expires at: 1746006553674
[debug] [2025-05-05T08:39:35.971Z] Checked if tokens are valid: false, expires at: 1746006553674
[debug] [2025-05-05T08:39:35.971Z] > refreshing access token with scopes: []
[debug] [2025-05-05T08:39:35.972Z] >>> [apiv2][query] POST https://www.googleapis.com/oauth2/v3/token [none]
[debug] [2025-05-05T08:39:35.972Z] >>> [apiv2][body] POST https://www.googleapis.com/oauth2/v3/token [omitted]
[debug] [2025-05-05T08:39:36.072Z] <<< [apiv2][status] POST https://www.googleapis.com/oauth2/v3/token 200
[debug] [2025-05-05T08:39:36.072Z] <<< [apiv2][body] POST https://www.googleapis.com/oauth2/v3/token [omitted]
[debug] [2025-05-05T08:39:36.082Z] >>> [apiv2][query] POST https://cloudresourcemanager.googleapis.com/v1/projects/gradlebookdb:testIamPermissions [none]
[debug] [2025-05-05T08:39:36.082Z] >>> [apiv2][(partial)header] POST https://cloudresourcemanager.googleapis.com/v1/projects/gradlebookdb:testIamPermissions x-goog-quota-user=projects/gradlebookdb
[debug] [2025-05-05T08:39:36.083Z] >>> [apiv2][body] POST https://cloudresourcemanager.googleapis.com/v1/projects/gradlebookdb:testIamPermissions {"permissions":["firebase.projects.get"]}
[debug] [2025-05-05T08:39:36.297Z] <<< [apiv2][status] GET https://firebase-public.firebaseio.com/cli.json 200
[debug] [2025-05-05T08:39:36.297Z] <<< [apiv2][body] GET https://firebase-public.firebaseio.com/cli.json {"cloudBuildErrorAfter":1594252800000,"cloudBuildWarnAfter":1590019200000,"defaultNode10After":1594252800000,"minVersion":"3.0.5","node8DeploysDisabledAfter":1613390400000,"node8RuntimeDisabledAfter":1615809600000,"node8WarnAfter":1600128000000}
[debug] [2025-05-05T08:39:36.305Z] <<< [apiv2][status] POST https://cloudresourcemanager.googleapis.com/v1/projects/gradlebookdb:testIamPermissions 200
[debug] [2025-05-05T08:39:36.305Z] <<< [apiv2][body] POST https://cloudresourcemanager.googleapis.com/v1/projects/gradlebookdb:testIamPermissions {"permissions":["firebase.projects.get"]}
[debug] [2025-05-05T08:39:36.306Z] Checked if tokens are valid: true, expires at: 1746437975072
[debug] [2025-05-05T08:39:36.306Z] Checked if tokens are valid: true, expires at: 1746437975072
[debug] [2025-05-05T08:39:36.306Z] >>> [apiv2][query] GET https://cloudresourcemanager.googleapis.com/v1/projects/gradlebookdb [none]
[debug] [2025-05-05T08:39:36.898Z] <<< [apiv2][status] GET https://cloudresourcemanager.googleapis.com/v1/projects/gradlebookdb 200
[debug] [2025-05-05T08:39:36.898Z] <<< [apiv2][body] GET https://cloudresourcemanager.googleapis.com/v1/projects/gradlebookdb {"projectNumber":"1000800185484","projectId":"gradlebookdb","lifecycleState":"ACTIVE","name":"GradleBookDB","labels":{"firebase":"enabled","firebase-core":"disabled"},"createTime":"2025-04-14T15:52:13.440965Z"}
[debug] [2025-05-05T08:39:36.899Z] Checked if tokens are valid: true, expires at: 1746437975072
[debug] [2025-05-05T08:39:36.899Z] Checked if tokens are valid: true, expires at: 1746437975072
[debug] [2025-05-05T08:39:36.899Z] >>> [apiv2][query] GET https://firebasehosting.googleapis.com/v1beta1/projects/gradlebookdb/sites 
[debug] [2025-05-05T08:39:38.227Z] <<< [apiv2][status] GET https://firebasehosting.googleapis.com/v1beta1/projects/gradlebookdb/sites 200
[debug] [2025-05-05T08:39:38.227Z] <<< [apiv2][body] GET https://firebasehosting.googleapis.com/v1beta1/projects/gradlebookdb/sites {"sites":[{"name":"projects/gradlebookdb/sites/gradlebookdb","defaultUrl":"https://gradlebookdb.web.app","appId":"1:1000800185484:web:136b2efebffdfd9b6d9fa9","type":"DEFAULT_SITE"}]}
[debug] [2025-05-05T08:39:38.227Z] Checked if tokens are valid: true, expires at: 1746437975072
[debug] [2025-05-05T08:39:38.227Z] Checked if tokens are valid: true, expires at: 1746437975072
[debug] [2025-05-05T08:39:38.227Z] >>> [apiv2][query] GET https://firebase.googleapis.com/v1beta1/projects/gradlebookdb/webApps/1:1000800185484:web:136b2efebffdfd9b6d9fa9/config [none]
[debug] [2025-05-05T08:39:39.234Z] <<< [apiv2][status] GET https://firebase.googleapis.com/v1beta1/projects/gradlebookdb/webApps/1:1000800185484:web:136b2efebffdfd9b6d9fa9/config 200
[debug] [2025-05-05T08:39:39.234Z] <<< [apiv2][body] GET https://firebase.googleapis.com/v1beta1/projects/gradlebookdb/webApps/1:1000800185484:web:136b2efebffdfd9b6d9fa9/config {"projectId":"gradlebookdb","appId":"1:1000800185484:web:136b2efebffdfd9b6d9fa9","storageBucket":"gradlebookdb.firebasestorage.app","apiKey":"AIzaSyBjM5koYX_8tZfZI70NlaSWY0naeVk4nEY","authDomain":"gradlebookdb.firebaseapp.com","messagingSenderId":"1000800185484","measurementId":"G-XYE1HR7YBP"}
[debug] [2025-05-05T08:39:39.238Z] Checked if tokens are valid: true, expires at: 1746437975072
[debug] [2025-05-05T08:39:39.238Z] Checked if tokens are valid: true, expires at: 1746437975072
[debug] [2025-05-05T08:39:39.238Z] >>> [apiv2][query] GET https://firebase.googleapis.com/v1beta1/projects/gradlebookdb [none]
[debug] [2025-05-05T08:39:39.603Z] <<< [apiv2][status] GET https://firebase.googleapis.com/v1beta1/projects/gradlebookdb 200
[debug] [2025-05-05T08:39:39.603Z] <<< [apiv2][body] GET https://firebase.googleapis.com/v1beta1/projects/gradlebookdb {"projectId":"gradlebookdb","projectNumber":"1000800185484","displayName":"GradleBookDB","name":"projects/gradlebookdb","resources":{"hostingSite":"gradlebookdb"},"state":"ACTIVE","etag":"1_50c54793-a7ed-4f66-8d59-6c050c28c532"}
[info] i  hosting[gradlebookdb]: Serving hosting files from: public {"metadata":{"emulator":{"name":"hosting"},"message":"Serving hosting files from: \u001b[1mpublic\u001b[22m"}}
[info] +  hosting[gradlebookdb]: Local server: http://localhost:5000 {"metadata":{"emulator":{"name":"hosting"},"message":"Local server: \u001b[4m\u001b[1mhttp://localhost:5000\u001b[22m\u001b[24m"}}
[info] i  hosting: ::1 - - [05/May/2025:08:39:55 +0000] "GET / HTTP/1.1" 200 - "-" "Mozilla/5.0 (Windows NT 10.0; Win64; x64; rv:138.0) Gecko/20100101 Firefox/138.0" {"metadata":{"emulator":{"name":"hosting"},"message":"::1 - - [05/May/2025:08:39:55 +0000] \"GET / HTTP/1.1\" 200 - \"-\" \"Mozilla/5.0 (Windows NT 10.0; Win64; x64; rv:138.0) Gecko/20100101 Firefox/138.0\""}}
[info] i  hosting: ::1 - - [05/May/2025:08:39:55 +0000] "GET /js/config.js HTTP/1.1" 200 710 "http://localhost:5000/" "Mozilla/5.0 (Windows NT 10.0; Win64; x64; rv:138.0) Gecko/20100101 Firefox/138.0" {"metadata":{"emulator":{"name":"hosting"},"message":"::1 - - [05/May/2025:08:39:55 +0000] \"GET /js/config.js HTTP/1.1\" 200 710 \"http://localhost:5000/\" \"Mozilla/5.0 (Windows NT 10.0; Win64; x64; rv:138.0) Gecko/20100101 Firefox/138.0\""}}
[info] i  hosting: ::1 - - [05/May/2025:08:39:55 +0000] "GET /css/style.css HTTP/1.1" 200 - "http://localhost:5000/" "Mozilla/5.0 (Windows NT 10.0; Win64; x64; rv:138.0) Gecko/20100101 Firefox/138.0" {"metadata":{"emulator":{"name":"hosting"},"message":"::1 - - [05/May/2025:08:39:55 +0000] \"GET /css/style.css HTTP/1.1\" 200 - \"http://localhost:5000/\" \"Mozilla/5.0 (Windows NT 10.0; Win64; x64; rv:138.0) Gecko/20100101 Firefox/138.0\""}}
[info] i  hosting: ::1 - - [05/May/2025:08:39:55 +0000] "GET /js/forms.js HTTP/1.1" 200 - "http://localhost:5000/" "Mozilla/5.0 (Windows NT 10.0; Win64; x64; rv:138.0) Gecko/20100101 Firefox/138.0" {"metadata":{"emulator":{"name":"hosting"},"message":"::1 - - [05/May/2025:08:39:55 +0000] \"GET /js/forms.js HTTP/1.1\" 200 - \"http://localhost:5000/\" \"Mozilla/5.0 (Windows NT 10.0; Win64; x64; rv:138.0) Gecko/20100101 Firefox/138.0\""}}
[info] i  hosting: ::1 - - [05/May/2025:08:39:56 +0000] "GET /favicon.ico HTTP/1.1" 200 - "http://localhost:5000/" "Mozilla/5.0 (Windows NT 10.0; Win64; x64; rv:138.0) Gecko/20100101 Firefox/138.0" {"metadata":{"emulator":{"name":"hosting"},"message":"::1 - - [05/May/2025:08:39:56 +0000] \"GET /favicon.ico HTTP/1.1\" 200 - \"http://localhost:5000/\" \"Mozilla/5.0 (Windows NT 10.0; Win64; x64; rv:138.0) Gecko/20100101 Firefox/138.0\""}}
[info] i  hosting: ::1 - - [05/May/2025:08:40:10 +0000] "GET /teacher-dashboard.html HTTP/1.1" 200 - "http://localhost:5000/" "Mozilla/5.0 (Windows NT 10.0; Win64; x64; rv:138.0) Gecko/20100101 Firefox/138.0" {"metadata":{"emulator":{"name":"hosting"},"message":"::1 - - [05/May/2025:08:40:10 +0000] \"GET /teacher-dashboard.html HTTP/1.1\" 200 - \"http://localhost:5000/\" \"Mozilla/5.0 (Windows NT 10.0; Win64; x64; rv:138.0) Gecko/20100101 Firefox/138.0\""}}
[info] i  hosting: ::1 - - [05/May/2025:08:40:10 +0000] "GET /js/teacher-dashboard.js HTTP/1.1" 200 - "http://localhost:5000/teacher-dashboard.html" "Mozilla/5.0 (Windows NT 10.0; Win64; x64; rv:138.0) Gecko/20100101 Firefox/138.0" {"metadata":{"emulator":{"name":"hosting"},"message":"::1 - - [05/May/2025:08:40:10 +0000] \"GET /js/teacher-dashboard.js HTTP/1.1\" 200 - \"http://localhost:5000/teacher-dashboard.html\" \"Mozilla/5.0 (Windows NT 10.0; Win64; x64; rv:138.0) Gecko/20100101 Firefox/138.0\""}}
